#
# A fatal error has been detected by the Java Runtime Environment:
#
#  Internal Error (javaClasses.cpp:129), pid=11688, tid=3432
#  fatal error: Invalid layout of preloaded class
#
# JRE version: 7.0_25-b16
# Java VM: Java HotSpot(TM) 64-Bit Server VM (23.25-b01 mixed mode windows-amd64 compressed oops)
# Failed to write core dump. Minidumps are not enabled by default on client versions of Windows
#
# If you would like to submit a bug report, please visit:
#   http://bugreport.sun.com/bugreport/crash.jsp
#

---------------  T H R E A D  ---------------

Current thread (0x0000000001fde000):  JavaThread "Unknown thread" [_thread_in_vm, id=3432, stack(0x00000000020c0000,0x00000000021c0000)]

Stack: [0x00000000020c0000,0x00000000021c0000]

---------------  P R O C E S S  ---------------

Java Threads: ( => current thread )

Other Threads:

=>0x0000000001fde000 (exited) JavaThread "Unknown thread" [_thread_in_vm, id=3432, stack(0x00000000020c0000,0x00000000021c0000)]

VM state:not at safepoint (not fully initialized)

VM Mutex/Monitor currently owned by a thread: None

GC Heap History (0 events):
No events

Deoptimization events (0 events):
No events

Internal exceptions (0 events):
No events

Events (10 events):
Event: 0.014 loading class 0x00000000021d3bf0 done
Event: 0.014 loading class 0x00000000021d3f20 done
Event: 0.014 loading class 0x00000000021d3ce0
Event: 0.015 loading class 0x00000000022121a0
Event: 0.015 loading class 0x00000000022121a0 done
Event: 0.015 loading class 0x00000000022121e0
Event: 0.015 loading class 0x00000000022121e0 done
Event: 0.015 loading class 0x000000000afbe1d0
Event: 0.015 loading class 0x000000000afbe1d0 done
Event: 0.015 loading class 0x00000000021d3ce0 done


Dynamic libraries:
0x000007f6e0590000 - 0x000007f6e05c3000 	C:\Program Files\Java\jre7\bin\javaw.exe
0x000007fabe680000 - 0x000007fabe840000 	C:\Windows\SYSTEM32\ntdll.dll
0x000007fabc7a0000 - 0x000007fabc8d6000 	C:\Windows\system32\KERNEL32.DLL
0x000007fabb950000 - 0x000007fabba43000 	C:\Windows\system32\KERNELBASE.dll
0x000007fabe000000 - 0x000007fabe0de000 	C:\Windows\system32\ADVAPI32.dll
0x000007fabba70000 - 0x000007fabbbbc000 	C:\Windows\system32\USER32.dll
0x000007fab9170000 - 0x000007fab93da000 	C:\Windows\WinSxS\amd64_microsoft.windows.common-controls_6595b64144ccf1df_6.0.9200.16579_none_418ab7ef718b27ef\COMCTL32.dll
0x000007fabc160000 - 0x000007fabc205000 	C:\Windows\system32\msvcrt.dll
0x000007fabdcf0000 - 0x000007fabdd38000 	C:\Windows\SYSTEM32\sechost.dll
0x000007fabe370000 - 0x000007fabe4b5000 	C:\Windows\system32\RPCRT4.dll
0x000007fabde60000 - 0x000007fabdfa1000 	C:\Windows\system32\GDI32.dll
0x000007fabdfc0000 - 0x000007fabdff9000 	C:\Windows\system32\IMM32.DLL
0x000007fabdd40000 - 0x000007fabde56000 	C:\Windows\system32\MSCTF.dll
0x000000006d090000 - 0x000000006d161000 	C:\Program Files\Java\jre7\bin\msvcr100.dll
0x000000006c4a0000 - 0x000000006cbaf000 	C:\Program Files\Java\jre7\bin\server\jvm.dll
0x000007faadab0000 - 0x000007faadab9000 	C:\Windows\SYSTEM32\WSOCK32.dll
0x000007fab88a0000 - 0x000007fab88c0000 	C:\Windows\SYSTEM32\WINMM.dll
0x000007fabdfb0000 - 0x000007fabdfb7000 	C:\Windows\system32\PSAPI.DLL
0x000007fabc210000 - 0x000007fabc268000 	C:\Windows\system32\WS2_32.dll
0x000007fab8850000 - 0x000007fab8883000 	C:\Windows\SYSTEM32\WINMMBASE.dll
0x000007fabbf80000 - 0x000007fabbf89000 	C:\Windows\system32\NSI.dll
0x000007fabb8d0000 - 0x000007fabb91f000 	C:\Windows\SYSTEM32\cfgmgr32.dll
0x000007fabb920000 - 0x000007fabb942000 	C:\Windows\system32\DEVOBJ.dll
0x000000006e3f0000 - 0x000000006e3ff000 	C:\Program Files\Java\jre7\bin\verify.dll
0x000000006e3c0000 - 0x000000006e3e8000 	C:\Program Files\Java\jre7\bin\java.dll
0x000000006e3a0000 - 0x000000006e3b5000 	C:\Program Files\Java\jre7\bin\zip.dll

VM Arguments:
jvm_args: -ea -Dfile.encoding=Cp1252 -Xbootclasspath:C:\Users\AndrewK\Desktop\adt-bundle-windows-x86_64-20130729\adt-bundle-windows-x86_64-20130729\sdk\platforms\android-18\android.jar 
java_command: org.eclipse.jdt.internal.junit.runner.RemoteTestRunner -version 3 -port 49202 -testLoaderClass org.eclipse.jdt.internal.junit.runner.junit3.JUnit3TestLoader -loaderpluginname org.eclipse.jdt.junit.runtime -classNames cs2114.memorygame.MemoryBoardTest
Launcher Type: SUN_STANDARD

Environment Variables:
CLASSPATH=.;C:\Program Files (x86)\Java\jre7\lib\ext\QTJava.zip
PATH=C:\Windows\system32;C:\Windows;C:\Windows\system32\wbem;C:\Program Files (x86)\Intel\iCLS Client;C:\Program Files\Intel\iCLS Client;C:\Windows\System32\WindowsPowerShell\v1.0;C:\Program Files (x86)\Intel\OpenCL SDK\2.0\bin\x86;C:\Program Files (x86)\Intel\OpenCL SDK\2.0\bin\x64;C:\Program Files\Intel\WiFi\bin;C:\Program Files\Common Files\Intel\WirelessCommon;C:\Program Files (x86)\QuickTime\QTSystem;C:\Program Files (x86)\QuickTime\QTSystem\;C:\Program Files\Intel\WiFi\bin\;C:\Program Files\Common Files\Intel\WirelessCommon\
USERNAME=AndrewK
OS=Windows_NT
PROCESSOR_IDENTIFIER=Intel64 Family 6 Model 42 Stepping 7, GenuineIntel



---------------  S Y S T E M  ---------------

OS: Windows 8 , 64 bit Build 9200 

CPU:total 4 (2 cores per cpu, 2 threads per core) family 6 model 42 stepping 7, cmov, cx8, fxsr, mmx, sse, sse2, sse3, ssse3, sse4.1, sse4.2, popcnt, avx, ht, tsc, tscinvbit

Memory: 4k page, physical 8272940k(3029116k free), swap 9518124k(2964476k free)

vm_info: Java HotSpot(TM) 64-Bit Server VM (23.25-b01) for windows-amd64 JRE (1.7.0_25-b16), built on Jun 12 2013 16:42:02 by "java_re" with unknown MS VC++:1600

time: Mon Apr 28 13:21:18 2014
elapsed time: 0 seconds

